2025-08-10 00:29:28.120 MDT [70124] ERROR:  CREATE INDEX CONCURRENTLY cannot run inside a transaction block
2025-08-10 00:29:28.120 MDT [70124] STATEMENT:  CREATE INDEX CONCURRENTLY IF NOT EXISTS idx_characters_location ON characters(current_location)
2025-08-10 00:29:28.220 MDT [70124] ERROR:  CREATE INDEX CONCURRENTLY cannot run inside a transaction block
2025-08-10 00:29:28.220 MDT [70124] STATEMENT:  CREATE INDEX CONCURRENTLY IF NOT EXISTS idx_characters_location ON characters(current_location)
2025-08-10 00:29:28.420 MDT [70124] ERROR:  CREATE INDEX CONCURRENTLY cannot run inside a transaction block
2025-08-10 00:29:28.420 MDT [70124] STATEMENT:  CREATE INDEX CONCURRENTLY IF NOT EXISTS idx_characters_location ON characters(current_location)
2025-08-10 00:29:28.420 MDT [70124] ERROR:  CREATE INDEX CONCURRENTLY cannot run inside a transaction block
2025-08-10 00:29:28.420 MDT [70124] STATEMENT:  CREATE INDEX CONCURRENTLY IF NOT EXISTS idx_characters_logged_in ON characters(is_logged_in) WHERE is_logged_in = true
2025-08-10 00:29:28.520 MDT [70124] ERROR:  CREATE INDEX CONCURRENTLY cannot run inside a transaction block
2025-08-10 00:29:28.520 MDT [70124] STATEMENT:  CREATE INDEX CONCURRENTLY IF NOT EXISTS idx_characters_logged_in ON characters(is_logged_in) WHERE is_logged_in = true
2025-08-10 00:29:28.720 MDT [70124] ERROR:  CREATE INDEX CONCURRENTLY cannot run inside a transaction block
2025-08-10 00:29:28.720 MDT [70124] STATEMENT:  CREATE INDEX CONCURRENTLY IF NOT EXISTS idx_characters_logged_in ON characters(is_logged_in) WHERE is_logged_in = true
2025-08-10 00:29:28.721 MDT [70124] ERROR:  CREATE INDEX CONCURRENTLY cannot run inside a transaction block
2025-08-10 00:29:28.721 MDT [70124] STATEMENT:  CREATE INDEX CONCURRENTLY IF NOT EXISTS idx_jobs_location ON jobs(location_id)
2025-08-10 00:29:28.821 MDT [70124] ERROR:  CREATE INDEX CONCURRENTLY cannot run inside a transaction block
2025-08-10 00:29:28.821 MDT [70124] STATEMENT:  CREATE INDEX CONCURRENTLY IF NOT EXISTS idx_jobs_location ON jobs(location_id)
2025-08-10 00:29:29.021 MDT [70124] ERROR:  CREATE INDEX CONCURRENTLY cannot run inside a transaction block
2025-08-10 00:29:29.021 MDT [70124] STATEMENT:  CREATE INDEX CONCURRENTLY IF NOT EXISTS idx_jobs_location ON jobs(location_id)
2025-08-10 00:29:29.021 MDT [70124] ERROR:  CREATE INDEX CONCURRENTLY cannot run inside a transaction block
2025-08-10 00:29:29.021 MDT [70124] STATEMENT:  CREATE INDEX CONCURRENTLY IF NOT EXISTS idx_jobs_active ON jobs(is_taken) WHERE is_taken = false
2025-08-10 00:29:29.121 MDT [70124] ERROR:  CREATE INDEX CONCURRENTLY cannot run inside a transaction block
2025-08-10 00:29:29.121 MDT [70124] STATEMENT:  CREATE INDEX CONCURRENTLY IF NOT EXISTS idx_jobs_active ON jobs(is_taken) WHERE is_taken = false
2025-08-10 00:29:29.321 MDT [70124] ERROR:  CREATE INDEX CONCURRENTLY cannot run inside a transaction block
2025-08-10 00:29:29.321 MDT [70124] STATEMENT:  CREATE INDEX CONCURRENTLY IF NOT EXISTS idx_jobs_active ON jobs(is_taken) WHERE is_taken = false
2025-08-10 00:29:29.322 MDT [70124] ERROR:  CREATE INDEX CONCURRENTLY cannot run inside a transaction block
2025-08-10 00:29:29.322 MDT [70124] STATEMENT:  CREATE INDEX CONCURRENTLY IF NOT EXISTS idx_jobs_expires ON jobs(expires_at)
2025-08-10 00:29:29.422 MDT [70124] ERROR:  CREATE INDEX CONCURRENTLY cannot run inside a transaction block
2025-08-10 00:29:29.422 MDT [70124] STATEMENT:  CREATE INDEX CONCURRENTLY IF NOT EXISTS idx_jobs_expires ON jobs(expires_at)
2025-08-10 00:29:29.622 MDT [70124] ERROR:  CREATE INDEX CONCURRENTLY cannot run inside a transaction block
2025-08-10 00:29:29.622 MDT [70124] STATEMENT:  CREATE INDEX CONCURRENTLY IF NOT EXISTS idx_jobs_expires ON jobs(expires_at)
2025-08-10 00:29:29.622 MDT [70124] ERROR:  CREATE INDEX CONCURRENTLY cannot run inside a transaction block
2025-08-10 00:29:29.622 MDT [70124] STATEMENT:  CREATE INDEX CONCURRENTLY IF NOT EXISTS idx_inventory_user ON character_inventory(user_id)
2025-08-10 00:29:29.722 MDT [70124] ERROR:  CREATE INDEX CONCURRENTLY cannot run inside a transaction block
2025-08-10 00:29:29.722 MDT [70124] STATEMENT:  CREATE INDEX CONCURRENTLY IF NOT EXISTS idx_inventory_user ON character_inventory(user_id)
2025-08-10 00:29:29.922 MDT [70124] ERROR:  CREATE INDEX CONCURRENTLY cannot run inside a transaction block
2025-08-10 00:29:29.922 MDT [70124] STATEMENT:  CREATE INDEX CONCURRENTLY IF NOT EXISTS idx_inventory_user ON character_inventory(user_id)
2025-08-10 00:29:29.922 MDT [70124] ERROR:  CREATE INDEX CONCURRENTLY cannot run inside a transaction block
2025-08-10 00:29:29.922 MDT [70124] STATEMENT:  CREATE INDEX CONCURRENTLY IF NOT EXISTS idx_shop_items_location ON shop_items(location_id)
2025-08-10 00:29:30.023 MDT [70124] ERROR:  CREATE INDEX CONCURRENTLY cannot run inside a transaction block
2025-08-10 00:29:30.023 MDT [70124] STATEMENT:  CREATE INDEX CONCURRENTLY IF NOT EXISTS idx_shop_items_location ON shop_items(location_id)
2025-08-10 00:29:30.223 MDT [70124] ERROR:  CREATE INDEX CONCURRENTLY cannot run inside a transaction block
2025-08-10 00:29:30.223 MDT [70124] STATEMENT:  CREATE INDEX CONCURRENTLY IF NOT EXISTS idx_shop_items_location ON shop_items(location_id)
2025-08-10 00:29:30.223 MDT [70124] ERROR:  CREATE INDEX CONCURRENTLY cannot run inside a transaction block
2025-08-10 00:29:30.223 MDT [70124] STATEMENT:  CREATE INDEX CONCURRENTLY IF NOT EXISTS idx_travel_sessions_user ON travel_sessions(user_id)
2025-08-10 00:29:30.323 MDT [70124] ERROR:  CREATE INDEX CONCURRENTLY cannot run inside a transaction block
2025-08-10 00:29:30.323 MDT [70124] STATEMENT:  CREATE INDEX CONCURRENTLY IF NOT EXISTS idx_travel_sessions_user ON travel_sessions(user_id)
2025-08-10 00:29:30.523 MDT [70124] ERROR:  CREATE INDEX CONCURRENTLY cannot run inside a transaction block
2025-08-10 00:29:30.523 MDT [70124] STATEMENT:  CREATE INDEX CONCURRENTLY IF NOT EXISTS idx_travel_sessions_user ON travel_sessions(user_id)
2025-08-10 00:29:30.523 MDT [70124] ERROR:  CREATE INDEX CONCURRENTLY cannot run inside a transaction block
2025-08-10 00:29:30.523 MDT [70124] STATEMENT:  CREATE INDEX CONCURRENTLY IF NOT EXISTS idx_pvp_cooldowns_expires ON pvp_cooldowns(expires_at)
2025-08-10 00:29:30.624 MDT [70124] ERROR:  CREATE INDEX CONCURRENTLY cannot run inside a transaction block
2025-08-10 00:29:30.624 MDT [70124] STATEMENT:  CREATE INDEX CONCURRENTLY IF NOT EXISTS idx_pvp_cooldowns_expires ON pvp_cooldowns(expires_at)
2025-08-10 00:29:30.824 MDT [70124] ERROR:  CREATE INDEX CONCURRENTLY cannot run inside a transaction block
2025-08-10 00:29:30.824 MDT [70124] STATEMENT:  CREATE INDEX CONCURRENTLY IF NOT EXISTS idx_pvp_cooldowns_expires ON pvp_cooldowns(expires_at)
2025-08-10 00:29:30.824 MDT [70124] ERROR:  CREATE INDEX CONCURRENTLY cannot run inside a transaction block
2025-08-10 00:29:30.824 MDT [70124] STATEMENT:  CREATE INDEX CONCURRENTLY IF NOT EXISTS idx_faction_members_user ON faction_members(user_id)
2025-08-10 00:29:30.924 MDT [70124] ERROR:  CREATE INDEX CONCURRENTLY cannot run inside a transaction block
2025-08-10 00:29:30.924 MDT [70124] STATEMENT:  CREATE INDEX CONCURRENTLY IF NOT EXISTS idx_faction_members_user ON faction_members(user_id)
2025-08-10 00:29:31.124 MDT [70124] ERROR:  CREATE INDEX CONCURRENTLY cannot run inside a transaction block
2025-08-10 00:29:31.124 MDT [70124] STATEMENT:  CREATE INDEX CONCURRENTLY IF NOT EXISTS idx_faction_members_user ON faction_members(user_id)
2025-08-10 00:29:31.124 MDT [70124] ERROR:  CREATE INDEX CONCURRENTLY cannot run inside a transaction block
2025-08-10 00:29:31.124 MDT [70124] STATEMENT:  CREATE INDEX CONCURRENTLY IF NOT EXISTS idx_faction_members_faction ON faction_members(faction_id)
2025-08-10 00:29:31.225 MDT [70124] ERROR:  CREATE INDEX CONCURRENTLY cannot run inside a transaction block
2025-08-10 00:29:31.225 MDT [70124] STATEMENT:  CREATE INDEX CONCURRENTLY IF NOT EXISTS idx_faction_members_faction ON faction_members(faction_id)
2025-08-10 00:29:31.425 MDT [70124] ERROR:  CREATE INDEX CONCURRENTLY cannot run inside a transaction block
2025-08-10 00:29:31.425 MDT [70124] STATEMENT:  CREATE INDEX CONCURRENTLY IF NOT EXISTS idx_faction_members_faction ON faction_members(faction_id)
2025-08-10 00:29:31.425 MDT [70124] ERROR:  CREATE INDEX CONCURRENTLY cannot run inside a transaction block
2025-08-10 00:29:31.425 MDT [70124] STATEMENT:  CREATE INDEX CONCURRENTLY IF NOT EXISTS idx_faction_invites_invitee ON faction_invites(invitee_id)
2025-08-10 00:29:31.525 MDT [70124] ERROR:  CREATE INDEX CONCURRENTLY cannot run inside a transaction block
2025-08-10 00:29:31.525 MDT [70124] STATEMENT:  CREATE INDEX CONCURRENTLY IF NOT EXISTS idx_faction_invites_invitee ON faction_invites(invitee_id)
2025-08-10 00:29:31.725 MDT [70124] ERROR:  CREATE INDEX CONCURRENTLY cannot run inside a transaction block
2025-08-10 00:29:31.725 MDT [70124] STATEMENT:  CREATE INDEX CONCURRENTLY IF NOT EXISTS idx_faction_invites_invitee ON faction_invites(invitee_id)
2025-08-10 00:29:31.726 MDT [70124] ERROR:  CREATE INDEX CONCURRENTLY cannot run inside a transaction block
2025-08-10 00:29:31.726 MDT [70124] STATEMENT:  CREATE INDEX CONCURRENTLY IF NOT EXISTS idx_faction_invites_expires ON faction_invites(expires_at)
2025-08-10 00:29:31.826 MDT [70124] ERROR:  CREATE INDEX CONCURRENTLY cannot run inside a transaction block
2025-08-10 00:29:31.826 MDT [70124] STATEMENT:  CREATE INDEX CONCURRENTLY IF NOT EXISTS idx_faction_invites_expires ON faction_invites(expires_at)
2025-08-10 00:29:32.026 MDT [70124] ERROR:  CREATE INDEX CONCURRENTLY cannot run inside a transaction block
2025-08-10 00:29:32.026 MDT [70124] STATEMENT:  CREATE INDEX CONCURRENTLY IF NOT EXISTS idx_faction_invites_expires ON faction_invites(expires_at)
2025-08-10 00:29:32.026 MDT [70124] ERROR:  CREATE INDEX CONCURRENTLY cannot run inside a transaction block
2025-08-10 00:29:32.026 MDT [70124] STATEMENT:  CREATE INDEX CONCURRENTLY IF NOT EXISTS idx_faction_payouts_user ON faction_payouts(user_id)
2025-08-10 00:29:32.126 MDT [70124] ERROR:  CREATE INDEX CONCURRENTLY cannot run inside a transaction block
2025-08-10 00:29:32.126 MDT [70124] STATEMENT:  CREATE INDEX CONCURRENTLY IF NOT EXISTS idx_faction_payouts_user ON faction_payouts(user_id)
2025-08-10 00:29:32.327 MDT [70124] ERROR:  CREATE INDEX CONCURRENTLY cannot run inside a transaction block
2025-08-10 00:29:32.327 MDT [70124] STATEMENT:  CREATE INDEX CONCURRENTLY IF NOT EXISTS idx_faction_payouts_user ON faction_payouts(user_id)
2025-08-10 00:29:32.327 MDT [70124] ERROR:  CREATE INDEX CONCURRENTLY cannot run inside a transaction block
2025-08-10 00:29:32.327 MDT [70124] STATEMENT:  CREATE INDEX CONCURRENTLY IF NOT EXISTS idx_faction_payouts_collected ON faction_payouts(collected) WHERE collected = false
2025-08-10 00:29:32.429 MDT [70124] ERROR:  CREATE INDEX CONCURRENTLY cannot run inside a transaction block
2025-08-10 00:29:32.429 MDT [70124] STATEMENT:  CREATE INDEX CONCURRENTLY IF NOT EXISTS idx_faction_payouts_collected ON faction_payouts(collected) WHERE collected = false
2025-08-10 00:29:32.629 MDT [70124] ERROR:  CREATE INDEX CONCURRENTLY cannot run inside a transaction block
2025-08-10 00:29:32.629 MDT [70124] STATEMENT:  CREATE INDEX CONCURRENTLY IF NOT EXISTS idx_faction_payouts_collected ON faction_payouts(collected) WHERE collected = false
2025-08-10 00:29:32.629 MDT [70124] ERROR:  CREATE INDEX CONCURRENTLY cannot run inside a transaction block
2025-08-10 00:29:32.629 MDT [70124] STATEMENT:  CREATE INDEX CONCURRENTLY IF NOT EXISTS idx_location_ownership_location ON location_ownership(location_id)
2025-08-10 00:29:32.729 MDT [70124] ERROR:  CREATE INDEX CONCURRENTLY cannot run inside a transaction block
2025-08-10 00:29:32.729 MDT [70124] STATEMENT:  CREATE INDEX CONCURRENTLY IF NOT EXISTS idx_location_ownership_location ON location_ownership(location_id)
2025-08-10 00:29:32.930 MDT [70124] ERROR:  CREATE INDEX CONCURRENTLY cannot run inside a transaction block
2025-08-10 00:29:32.930 MDT [70124] STATEMENT:  CREATE INDEX CONCURRENTLY IF NOT EXISTS idx_location_ownership_location ON location_ownership(location_id)
2025-08-10 00:29:32.930 MDT [70124] ERROR:  CREATE INDEX CONCURRENTLY cannot run inside a transaction block
2025-08-10 00:29:32.930 MDT [70124] STATEMENT:  CREATE INDEX CONCURRENTLY IF NOT EXISTS idx_location_ownership_faction ON location_ownership(faction_id)
2025-08-10 00:29:33.030 MDT [70124] ERROR:  CREATE INDEX CONCURRENTLY cannot run inside a transaction block
2025-08-10 00:29:33.030 MDT [70124] STATEMENT:  CREATE INDEX CONCURRENTLY IF NOT EXISTS idx_location_ownership_faction ON location_ownership(faction_id)
2025-08-10 00:29:33.230 MDT [70124] ERROR:  CREATE INDEX CONCURRENTLY cannot run inside a transaction block
2025-08-10 00:29:33.230 MDT [70124] STATEMENT:  CREATE INDEX CONCURRENTLY IF NOT EXISTS idx_location_ownership_faction ON location_ownership(faction_id)
2025-08-10 00:29:33.230 MDT [70124] ERROR:  CREATE INDEX CONCURRENTLY cannot run inside a transaction block
2025-08-10 00:29:33.230 MDT [70124] STATEMENT:  CREATE INDEX CONCURRENTLY IF NOT EXISTS idx_location_logs_location ON location_logs(location_id)
2025-08-10 00:29:33.330 MDT [70124] ERROR:  CREATE INDEX CONCURRENTLY cannot run inside a transaction block
2025-08-10 00:29:33.330 MDT [70124] STATEMENT:  CREATE INDEX CONCURRENTLY IF NOT EXISTS idx_location_logs_location ON location_logs(location_id)
2025-08-10 00:29:33.531 MDT [70124] ERROR:  CREATE INDEX CONCURRENTLY cannot run inside a transaction block
2025-08-10 00:29:33.531 MDT [70124] STATEMENT:  CREATE INDEX CONCURRENTLY IF NOT EXISTS idx_location_logs_location ON location_logs(location_id)
2025-08-10 00:29:33.531 MDT [70124] ERROR:  CREATE INDEX CONCURRENTLY cannot run inside a transaction block
2025-08-10 00:29:33.531 MDT [70124] STATEMENT:  CREATE INDEX CONCURRENTLY IF NOT EXISTS idx_location_logs_posted_at ON location_logs(posted_at)
2025-08-10 00:29:33.631 MDT [70124] ERROR:  CREATE INDEX CONCURRENTLY cannot run inside a transaction block
2025-08-10 00:29:33.631 MDT [70124] STATEMENT:  CREATE INDEX CONCURRENTLY IF NOT EXISTS idx_location_logs_posted_at ON location_logs(posted_at)
2025-08-10 00:29:33.831 MDT [70124] ERROR:  CREATE INDEX CONCURRENTLY cannot run inside a transaction block
2025-08-10 00:29:33.831 MDT [70124] STATEMENT:  CREATE INDEX CONCURRENTLY IF NOT EXISTS idx_location_logs_posted_at ON location_logs(posted_at)
2025-08-10 00:33:19.798 MDT [9029] LOG:  checkpoint starting: time
2025-08-10 00:33:22.870 MDT [9029] LOG:  checkpoint complete: wrote 31 buffers (0.2%); 0 WAL file(s) added, 0 removed, 0 recycled; write=3.007 s, sync=0.057 s, total=3.073 s; sync files=34, longest=0.016 s, average=0.002 s; distance=175 kB, estimate=557 kB; lsn=0/26F86B8, redo lsn=0/26F8680
2025-08-10 00:46:55.588 MDT [74667] ERROR:  column "location_id" does not exist
2025-08-10 00:46:55.588 MDT [74667] STATEMENT:  CREATE INDEX IF NOT EXISTS idx_characters_location ON characters(location_id)
2025-08-10 00:46:55.688 MDT [74667] ERROR:  column "location_id" does not exist
2025-08-10 00:46:55.688 MDT [74667] STATEMENT:  CREATE INDEX IF NOT EXISTS idx_characters_location ON characters(location_id)
2025-08-10 00:46:55.889 MDT [74667] ERROR:  column "location_id" does not exist
2025-08-10 00:46:55.889 MDT [74667] STATEMENT:  CREATE INDEX IF NOT EXISTS idx_characters_location ON characters(location_id)
2025-08-10 00:47:24.175 MDT [74866] ERROR:  column l.x_coordinate does not exist at character 92
2025-08-10 00:47:24.175 MDT [74866] STATEMENT:  SELECT c.user_id, c.name, c.callsign, l.location_id, l.name as loc_name,
	                  l.x_coordinate, l.y_coordinate, l.system_name
	           FROM characters c
	           JOIN locations l ON c.current_location = l.location_id
	           WHERE c.current_location IS NOT NULL AND c.is_logged_in = TRUE
	           LIMIT 1
2025-08-10 00:47:24.275 MDT [74866] ERROR:  column l.x_coordinate does not exist at character 92
2025-08-10 00:47:24.275 MDT [74866] STATEMENT:  SELECT c.user_id, c.name, c.callsign, l.location_id, l.name as loc_name,
	                  l.x_coordinate, l.y_coordinate, l.system_name
	           FROM characters c
	           JOIN locations l ON c.current_location = l.location_id
	           WHERE c.current_location IS NOT NULL AND c.is_logged_in = TRUE
	           LIMIT 1
2025-08-10 00:47:24.475 MDT [74866] ERROR:  column l.x_coordinate does not exist at character 92
2025-08-10 00:47:24.475 MDT [74866] STATEMENT:  SELECT c.user_id, c.name, c.callsign, l.location_id, l.name as loc_name,
	                  l.x_coordinate, l.y_coordinate, l.system_name
	           FROM characters c
	           JOIN locations l ON c.current_location = l.location_id
	           WHERE c.current_location IS NOT NULL AND c.is_logged_in = TRUE
	           LIMIT 1
2025-08-10 00:48:20.025 MDT [9029] LOG:  checkpoint starting: time
2025-08-10 00:48:23.098 MDT [9029] LOG:  checkpoint complete: wrote 31 buffers (0.2%); 0 WAL file(s) added, 0 removed, 0 recycled; write=3.006 s, sync=0.057 s, total=3.073 s; sync files=25, longest=0.016 s, average=0.003 s; distance=156 kB, estimate=517 kB; lsn=0/271F980, redo lsn=0/271F948
2025-08-10 00:55:24.478 MDT [76856] FATAL:  role "vetaso" does not exist
2025-08-10 00:55:24.482 MDT [76858] FATAL:  role "vetaso" does not exist
2025-08-10 00:55:24.486 MDT [76860] FATAL:  role "vetaso" does not exist
2025-08-10 00:56:09.564 MDT [77375] ERROR:  column "is_time_paused" is of type boolean but expression is of type integer at character 49
2025-08-10 00:56:09.564 MDT [77375] HINT:  You will need to rewrite or cast the expression.
2025-08-10 00:56:09.564 MDT [77375] STATEMENT:  EXPLAIN UPDATE galaxy_info SET is_time_paused = 1, time_paused_at = '2024-01-01 00:00:00', current_ingame_time = '2024-01-01 00:00:00', is_manually_paused = 1 WHERE galaxy_id = 1;
2025-08-10 00:58:20.254 MDT [9029] LOG:  checkpoint starting: time
2025-08-10 00:58:23.305 MDT [9029] LOG:  checkpoint complete: wrote 31 buffers (0.2%); 0 WAL file(s) added, 0 removed, 0 recycled; write=3.006 s, sync=0.035 s, total=3.051 s; sync files=32, longest=0.002 s, average=0.002 s; distance=127 kB, estimate=478 kB; lsn=0/273F778, redo lsn=0/273F740
2025-08-10 01:18:20.474 MDT [9029] LOG:  checkpoint starting: time
2025-08-10 01:18:22.416 MDT [9029] LOG:  checkpoint complete: wrote 20 buffers (0.1%); 0 WAL file(s) added, 0 removed, 0 recycled; write=1.904 s, sync=0.028 s, total=1.942 s; sync files=18, longest=0.003 s, average=0.002 s; distance=71 kB, estimate=437 kB; lsn=0/27513F0, redo lsn=0/27513B8
2025-08-10 01:22:11.042 MDT [84809] FATAL:  role "vetaso" does not exist
2025-08-10 01:22:11.046 MDT [84811] FATAL:  role "vetaso" does not exist
2025-08-10 01:22:11.050 MDT [84813] FATAL:  role "vetaso" does not exist
2025-08-10 01:23:20.458 MDT [9029] LOG:  checkpoint starting: time
2025-08-10 01:23:22.929 MDT [9029] LOG:  checkpoint complete: wrote 25 buffers (0.2%); 0 WAL file(s) added, 0 removed, 0 recycled; write=2.405 s, sync=0.057 s, total=2.472 s; sync files=24, longest=0.007 s, average=0.003 s; distance=86 kB, estimate=402 kB; lsn=0/2766FE8, redo lsn=0/2766FB0
2025-08-10 01:24:45.435 MDT [86345] ERROR:  insert or update on table "ship_activities" violates foreign key constraint "ship_activities_ship_id_fkey"
2025-08-10 01:24:45.435 MDT [86345] DETAIL:  Key (ship_id)=(2) is not present in table "ships".
2025-08-10 01:24:45.435 MDT [86345] STATEMENT:  ALTER TABLE ship_activities ADD CONSTRAINT ship_activities_ship_id_fkey FOREIGN KEY (ship_id) REFERENCES ships(ship_id);
2025-08-10 01:28:20.987 MDT [9029] LOG:  checkpoint starting: time
2025-08-10 01:28:23.737 MDT [9029] LOG:  checkpoint complete: wrote 28 buffers (0.2%); 0 WAL file(s) added, 0 removed, 0 recycled; write=2.706 s, sync=0.036 s, total=2.751 s; sync files=21, longest=0.002 s, average=0.002 s; distance=137 kB, estimate=376 kB; lsn=0/2789538, redo lsn=0/2789500
2025-08-10 01:29:50.835 MDT [88629] ERROR:  column "paused_at" does not exist at character 84
2025-08-10 01:29:50.835 MDT [88629] STATEMENT:  UPDATE galaxy_info SET time_paused_at = paused_at WHERE time_paused_at IS NULL AND paused_at IS NOT NULL
2025-08-10 01:29:50.935 MDT [88629] ERROR:  column "paused_at" does not exist at character 84
2025-08-10 01:29:50.935 MDT [88629] STATEMENT:  UPDATE galaxy_info SET time_paused_at = paused_at WHERE time_paused_at IS NULL AND paused_at IS NOT NULL
2025-08-10 01:29:51.135 MDT [88629] ERROR:  column "paused_at" does not exist at character 84
2025-08-10 01:29:51.135 MDT [88629] STATEMENT:  UPDATE galaxy_info SET time_paused_at = paused_at WHERE time_paused_at IS NULL AND paused_at IS NOT NULL
2025-08-10 01:30:32.618 MDT [89037] ERROR:  column "paused_at" does not exist at character 84
2025-08-10 01:30:32.618 MDT [89037] STATEMENT:  UPDATE galaxy_info SET time_paused_at = paused_at WHERE time_paused_at IS NULL AND paused_at IS NOT NULL
2025-08-10 01:30:32.719 MDT [89037] ERROR:  column "paused_at" does not exist at character 84
2025-08-10 01:30:32.719 MDT [89037] STATEMENT:  UPDATE galaxy_info SET time_paused_at = paused_at WHERE time_paused_at IS NULL AND paused_at IS NOT NULL
2025-08-10 01:30:32.919 MDT [89037] ERROR:  column "paused_at" does not exist at character 84
2025-08-10 01:30:32.919 MDT [89037] STATEMENT:  UPDATE galaxy_info SET time_paused_at = paused_at WHERE time_paused_at IS NULL AND paused_at IS NOT NULL
2025-08-10 01:33:20.791 MDT [9029] LOG:  checkpoint starting: time
2025-08-10 01:33:20.907 MDT [9029] LOG:  checkpoint complete: wrote 2 buffers (0.0%); 0 WAL file(s) added, 0 removed, 0 recycled; write=0.101 s, sync=0.005 s, total=0.116 s; sync files=2, longest=0.004 s, average=0.003 s; distance=6 kB, estimate=339 kB; lsn=0/278AD90, redo lsn=0/278AD58
2025-08-10 01:39:43.267 MDT [95396] ERROR:  column "logged_in_count" does not exist at character 709
2025-08-10 01:39:43.267 MDT [95396] STATEMENT:  SELECT glc.location_id, glc.channel_id, l.name,
	                          COUNT(CASE WHEN c.is_logged_in = true AND c.guild_id = 1391985652001800333 THEN c.user_id END) as logged_in_count
	                   FROM guild_location_channels glc
	                   JOIN locations l ON glc.location_id = l.location_id
	                   LEFT JOIN characters c ON l.location_id = c.current_location AND c.guild_id = 1391985652001800333
	                   WHERE glc.guild_id = 1391985652001800333
	                   AND (glc.channel_last_active IS NULL OR glc.channel_last_active < '2025-08-10T01:37:43.267177'::timestamp)
	                   GROUP BY glc.location_id, glc.channel_id, l.name
	                   HAVING logged_in_count = 0
	                   LIMIT 3
2025-08-10 01:39:43.367 MDT [95396] ERROR:  column "logged_in_count" does not exist at character 709
2025-08-10 01:39:43.367 MDT [95396] STATEMENT:  SELECT glc.location_id, glc.channel_id, l.name,
	                          COUNT(CASE WHEN c.is_logged_in = true AND c.guild_id = 1391985652001800333 THEN c.user_id END) as logged_in_count
	                   FROM guild_location_channels glc
	                   JOIN locations l ON glc.location_id = l.location_id
	                   LEFT JOIN characters c ON l.location_id = c.current_location AND c.guild_id = 1391985652001800333
	                   WHERE glc.guild_id = 1391985652001800333
	                   AND (glc.channel_last_active IS NULL OR glc.channel_last_active < '2025-08-10T01:37:43.267177'::timestamp)
	                   GROUP BY glc.location_id, glc.channel_id, l.name
	                   HAVING logged_in_count = 0
	                   LIMIT 3
2025-08-10 01:39:43.568 MDT [95396] ERROR:  column "logged_in_count" does not exist at character 709
2025-08-10 01:39:43.568 MDT [95396] STATEMENT:  SELECT glc.location_id, glc.channel_id, l.name,
	                          COUNT(CASE WHEN c.is_logged_in = true AND c.guild_id = 1391985652001800333 THEN c.user_id END) as logged_in_count
	                   FROM guild_location_channels glc
	                   JOIN locations l ON glc.location_id = l.location_id
	                   LEFT JOIN characters c ON l.location_id = c.current_location AND c.guild_id = 1391985652001800333
	                   WHERE glc.guild_id = 1391985652001800333
	                   AND (glc.channel_last_active IS NULL OR glc.channel_last_active < '2025-08-10T01:37:43.267177'::timestamp)
	                   GROUP BY glc.location_id, glc.channel_id, l.name
	                   HAVING logged_in_count = 0
	                   LIMIT 3
2025-08-10 01:39:44.569 MDT [95396] ERROR:  column "logged_in_count" does not exist at character 709
2025-08-10 01:39:44.569 MDT [95396] STATEMENT:  SELECT glc.location_id, glc.channel_id, l.name,
	                          COUNT(CASE WHEN c.is_logged_in = true AND c.guild_id = 1394055083234164957 THEN c.user_id END) as logged_in_count
	                   FROM guild_location_channels glc
	                   JOIN locations l ON glc.location_id = l.location_id
	                   LEFT JOIN characters c ON l.location_id = c.current_location AND c.guild_id = 1394055083234164957
	                   WHERE glc.guild_id = 1394055083234164957
	                   AND (glc.channel_last_active IS NULL OR glc.channel_last_active < '2025-08-10T01:37:44.569395'::timestamp)
	                   GROUP BY glc.location_id, glc.channel_id, l.name
	                   HAVING logged_in_count = 0
	                   LIMIT 3
2025-08-10 01:39:44.669 MDT [95396] ERROR:  column "logged_in_count" does not exist at character 709
2025-08-10 01:39:44.669 MDT [95396] STATEMENT:  SELECT glc.location_id, glc.channel_id, l.name,
	                          COUNT(CASE WHEN c.is_logged_in = true AND c.guild_id = 1394055083234164957 THEN c.user_id END) as logged_in_count
	                   FROM guild_location_channels glc
	                   JOIN locations l ON glc.location_id = l.location_id
	                   LEFT JOIN characters c ON l.location_id = c.current_location AND c.guild_id = 1394055083234164957
	                   WHERE glc.guild_id = 1394055083234164957
	                   AND (glc.channel_last_active IS NULL OR glc.channel_last_active < '2025-08-10T01:37:44.569395'::timestamp)
	                   GROUP BY glc.location_id, glc.channel_id, l.name
	                   HAVING logged_in_count = 0
	                   LIMIT 3
2025-08-10 01:39:44.870 MDT [95396] ERROR:  column "logged_in_count" does not exist at character 709
2025-08-10 01:39:44.870 MDT [95396] STATEMENT:  SELECT glc.location_id, glc.channel_id, l.name,
	                          COUNT(CASE WHEN c.is_logged_in = true AND c.guild_id = 1394055083234164957 THEN c.user_id END) as logged_in_count
	                   FROM guild_location_channels glc
	                   JOIN locations l ON glc.location_id = l.location_id
	                   LEFT JOIN characters c ON l.location_id = c.current_location AND c.guild_id = 1394055083234164957
	                   WHERE glc.guild_id = 1394055083234164957
	                   AND (glc.channel_last_active IS NULL OR glc.channel_last_active < '2025-08-10T01:37:44.569395'::timestamp)
	                   GROUP BY glc.location_id, glc.channel_id, l.name
	                   HAVING logged_in_count = 0
	                   LIMIT 3
2025-08-10 01:40:37.319 MDT [95396] ERROR:  column "logged_in_count" does not exist at character 709
2025-08-10 01:40:37.319 MDT [95396] STATEMENT:  SELECT glc.location_id, glc.channel_id, l.name,
	                          COUNT(CASE WHEN c.is_logged_in = true AND c.guild_id = 1391985652001800333 THEN c.user_id END) as logged_in_count
	                   FROM guild_location_channels glc
	                   JOIN locations l ON glc.location_id = l.location_id
	                   LEFT JOIN characters c ON l.location_id = c.current_location AND c.guild_id = 1391985652001800333
	                   WHERE glc.guild_id = 1391985652001800333
	                   AND (glc.channel_last_active IS NULL OR glc.channel_last_active < '2025-08-10T01:38:37.319787'::timestamp)
	                   GROUP BY glc.location_id, glc.channel_id, l.name
	                   HAVING logged_in_count = 0
	                   LIMIT 3
2025-08-10 01:40:37.420 MDT [95396] ERROR:  column "logged_in_count" does not exist at character 709
2025-08-10 01:40:37.420 MDT [95396] STATEMENT:  SELECT glc.location_id, glc.channel_id, l.name,
	                          COUNT(CASE WHEN c.is_logged_in = true AND c.guild_id = 1391985652001800333 THEN c.user_id END) as logged_in_count
	                   FROM guild_location_channels glc
	                   JOIN locations l ON glc.location_id = l.location_id
	                   LEFT JOIN characters c ON l.location_id = c.current_location AND c.guild_id = 1391985652001800333
	                   WHERE glc.guild_id = 1391985652001800333
	                   AND (glc.channel_last_active IS NULL OR glc.channel_last_active < '2025-08-10T01:38:37.319787'::timestamp)
	                   GROUP BY glc.location_id, glc.channel_id, l.name
	                   HAVING logged_in_count = 0
	                   LIMIT 3
2025-08-10 01:40:37.620 MDT [95396] ERROR:  column "logged_in_count" does not exist at character 709
2025-08-10 01:40:37.620 MDT [95396] STATEMENT:  SELECT glc.location_id, glc.channel_id, l.name,
	                          COUNT(CASE WHEN c.is_logged_in = true AND c.guild_id = 1391985652001800333 THEN c.user_id END) as logged_in_count
	                   FROM guild_location_channels glc
	                   JOIN locations l ON glc.location_id = l.location_id
	                   LEFT JOIN characters c ON l.location_id = c.current_location AND c.guild_id = 1391985652001800333
	                   WHERE glc.guild_id = 1391985652001800333
	                   AND (glc.channel_last_active IS NULL OR glc.channel_last_active < '2025-08-10T01:38:37.319787'::timestamp)
	                   GROUP BY glc.location_id, glc.channel_id, l.name
	                   HAVING logged_in_count = 0
	                   LIMIT 3
2025-08-10 01:40:38.622 MDT [95396] ERROR:  column "logged_in_count" does not exist at character 709
2025-08-10 01:40:38.622 MDT [95396] STATEMENT:  SELECT glc.location_id, glc.channel_id, l.name,
	                          COUNT(CASE WHEN c.is_logged_in = true AND c.guild_id = 1394055083234164957 THEN c.user_id END) as logged_in_count
	                   FROM guild_location_channels glc
	                   JOIN locations l ON glc.location_id = l.location_id
	                   LEFT JOIN characters c ON l.location_id = c.current_location AND c.guild_id = 1394055083234164957
	                   WHERE glc.guild_id = 1394055083234164957
	                   AND (glc.channel_last_active IS NULL OR glc.channel_last_active < '2025-08-10T01:38:38.622135'::timestamp)
	                   GROUP BY glc.location_id, glc.channel_id, l.name
	                   HAVING logged_in_count = 0
	                   LIMIT 3
2025-08-10 01:40:38.722 MDT [95396] ERROR:  column "logged_in_count" does not exist at character 709
2025-08-10 01:40:38.722 MDT [95396] STATEMENT:  SELECT glc.location_id, glc.channel_id, l.name,
	                          COUNT(CASE WHEN c.is_logged_in = true AND c.guild_id = 1394055083234164957 THEN c.user_id END) as logged_in_count
	                   FROM guild_location_channels glc
	                   JOIN locations l ON glc.location_id = l.location_id
	                   LEFT JOIN characters c ON l.location_id = c.current_location AND c.guild_id = 1394055083234164957
	                   WHERE glc.guild_id = 1394055083234164957
	                   AND (glc.channel_last_active IS NULL OR glc.channel_last_active < '2025-08-10T01:38:38.622135'::timestamp)
	                   GROUP BY glc.location_id, glc.channel_id, l.name
	                   HAVING logged_in_count = 0
	                   LIMIT 3
2025-08-10 01:40:38.922 MDT [95396] ERROR:  column "logged_in_count" does not exist at character 709
2025-08-10 01:40:38.922 MDT [95396] STATEMENT:  SELECT glc.location_id, glc.channel_id, l.name,
	                          COUNT(CASE WHEN c.is_logged_in = true AND c.guild_id = 1394055083234164957 THEN c.user_id END) as logged_in_count
	                   FROM guild_location_channels glc
	                   JOIN locations l ON glc.location_id = l.location_id
	                   LEFT JOIN characters c ON l.location_id = c.current_location AND c.guild_id = 1394055083234164957
	                   WHERE glc.guild_id = 1394055083234164957
	                   AND (glc.channel_last_active IS NULL OR glc.channel_last_active < '2025-08-10T01:38:38.622135'::timestamp)
	                   GROUP BY glc.location_id, glc.channel_id, l.name
	                   HAVING logged_in_count = 0
	                   LIMIT 3
2025-08-10 01:40:39.214 MDT [95396] ERROR:  column "logged_in_count" does not exist at character 709
2025-08-10 01:40:39.214 MDT [95396] STATEMENT:  SELECT glc.location_id, glc.channel_id, l.name,
	                          COUNT(CASE WHEN c.is_logged_in = true AND c.guild_id = 1391985652001800333 THEN c.user_id END) as logged_in_count
	                   FROM guild_location_channels glc
	                   JOIN locations l ON glc.location_id = l.location_id
	                   LEFT JOIN characters c ON l.location_id = c.current_location AND c.guild_id = 1391985652001800333
	                   WHERE glc.guild_id = 1391985652001800333
	                   AND (glc.channel_last_active IS NULL OR glc.channel_last_active < '2025-08-10T01:38:39.214525'::timestamp)
	                   GROUP BY glc.location_id, glc.channel_id, l.name
	                   HAVING logged_in_count = 0
	                   LIMIT 3
2025-08-10 01:40:39.315 MDT [95396] ERROR:  column "logged_in_count" does not exist at character 709
2025-08-10 01:40:39.315 MDT [95396] STATEMENT:  SELECT glc.location_id, glc.channel_id, l.name,
	                          COUNT(CASE WHEN c.is_logged_in = true AND c.guild_id = 1391985652001800333 THEN c.user_id END) as logged_in_count
	                   FROM guild_location_channels glc
	                   JOIN locations l ON glc.location_id = l.location_id
	                   LEFT JOIN characters c ON l.location_id = c.current_location AND c.guild_id = 1391985652001800333
	                   WHERE glc.guild_id = 1391985652001800333
	                   AND (glc.channel_last_active IS NULL OR glc.channel_last_active < '2025-08-10T01:38:39.214525'::timestamp)
	                   GROUP BY glc.location_id, glc.channel_id, l.name
	                   HAVING logged_in_count = 0
	                   LIMIT 3
2025-08-10 01:40:39.515 MDT [95396] ERROR:  column "logged_in_count" does not exist at character 709
2025-08-10 01:40:39.515 MDT [95396] STATEMENT:  SELECT glc.location_id, glc.channel_id, l.name,
	                          COUNT(CASE WHEN c.is_logged_in = true AND c.guild_id = 1391985652001800333 THEN c.user_id END) as logged_in_count
	                   FROM guild_location_channels glc
	                   JOIN locations l ON glc.location_id = l.location_id
	                   LEFT JOIN characters c ON l.location_id = c.current_location AND c.guild_id = 1391985652001800333
	                   WHERE glc.guild_id = 1391985652001800333
	                   AND (glc.channel_last_active IS NULL OR glc.channel_last_active < '2025-08-10T01:38:39.214525'::timestamp)
	                   GROUP BY glc.location_id, glc.channel_id, l.name
	                   HAVING logged_in_count = 0
	                   LIMIT 3
2025-08-10 01:40:39.515 MDT [95396] ERROR:  column "logged_in_count" does not exist at character 709
2025-08-10 01:40:39.515 MDT [95396] STATEMENT:  SELECT glc.location_id, glc.channel_id, l.name,
	                          COUNT(CASE WHEN c.is_logged_in = true AND c.guild_id = 1391985652001800333 THEN c.user_id END) as logged_in_count
	                   FROM guild_location_channels glc
	                   JOIN locations l ON glc.location_id = l.location_id
	                   LEFT JOIN characters c ON l.location_id = c.current_location AND c.guild_id = 1391985652001800333
	                   WHERE glc.guild_id = 1391985652001800333
	                   AND (glc.channel_last_active IS NULL OR glc.channel_last_active < '2025-08-10T01:38:39.515668'::timestamp)
	                   GROUP BY glc.location_id, glc.channel_id, l.name
	                   HAVING logged_in_count = 0
	                   LIMIT 3
2025-08-10 01:40:39.616 MDT [95396] ERROR:  column "logged_in_count" does not exist at character 709
2025-08-10 01:40:39.616 MDT [95396] STATEMENT:  SELECT glc.location_id, glc.channel_id, l.name,
	                          COUNT(CASE WHEN c.is_logged_in = true AND c.guild_id = 1391985652001800333 THEN c.user_id END) as logged_in_count
	                   FROM guild_location_channels glc
	                   JOIN locations l ON glc.location_id = l.location_id
	                   LEFT JOIN characters c ON l.location_id = c.current_location AND c.guild_id = 1391985652001800333
	                   WHERE glc.guild_id = 1391985652001800333
	                   AND (glc.channel_last_active IS NULL OR glc.channel_last_active < '2025-08-10T01:38:39.515668'::timestamp)
	                   GROUP BY glc.location_id, glc.channel_id, l.name
	                   HAVING logged_in_count = 0
	                   LIMIT 3
2025-08-10 01:40:39.816 MDT [95396] ERROR:  column "logged_in_count" does not exist at character 709
2025-08-10 01:40:39.816 MDT [95396] STATEMENT:  SELECT glc.location_id, glc.channel_id, l.name,
	                          COUNT(CASE WHEN c.is_logged_in = true AND c.guild_id = 1391985652001800333 THEN c.user_id END) as logged_in_count
	                   FROM guild_location_channels glc
	                   JOIN locations l ON glc.location_id = l.location_id
	                   LEFT JOIN characters c ON l.location_id = c.current_location AND c.guild_id = 1391985652001800333
	                   WHERE glc.guild_id = 1391985652001800333
	                   AND (glc.channel_last_active IS NULL OR glc.channel_last_active < '2025-08-10T01:38:39.515668'::timestamp)
	                   GROUP BY glc.location_id, glc.channel_id, l.name
	                   HAVING logged_in_count = 0
	                   LIMIT 3
2025-08-10 01:40:40.516 MDT [95396] ERROR:  column "logged_in_count" does not exist at character 709
2025-08-10 01:40:40.516 MDT [95396] STATEMENT:  SELECT glc.location_id, glc.channel_id, l.name,
	                          COUNT(CASE WHEN c.is_logged_in = true AND c.guild_id = 1394055083234164957 THEN c.user_id END) as logged_in_count
	                   FROM guild_location_channels glc
	                   JOIN locations l ON glc.location_id = l.location_id
	                   LEFT JOIN characters c ON l.location_id = c.current_location AND c.guild_id = 1394055083234164957
	                   WHERE glc.guild_id = 1394055083234164957
	                   AND (glc.channel_last_active IS NULL OR glc.channel_last_active < '2025-08-10T01:38:40.516357'::timestamp)
	                   GROUP BY glc.location_id, glc.channel_id, l.name
	                   HAVING logged_in_count = 0
	                   LIMIT 3
2025-08-10 01:40:40.616 MDT [95396] ERROR:  column "logged_in_count" does not exist at character 709
2025-08-10 01:40:40.616 MDT [95396] STATEMENT:  SELECT glc.location_id, glc.channel_id, l.name,
	                          COUNT(CASE WHEN c.is_logged_in = true AND c.guild_id = 1394055083234164957 THEN c.user_id END) as logged_in_count
	                   FROM guild_location_channels glc
	                   JOIN locations l ON glc.location_id = l.location_id
	                   LEFT JOIN characters c ON l.location_id = c.current_location AND c.guild_id = 1394055083234164957
	                   WHERE glc.guild_id = 1394055083234164957
	                   AND (glc.channel_last_active IS NULL OR glc.channel_last_active < '2025-08-10T01:38:40.516357'::timestamp)
	                   GROUP BY glc.location_id, glc.channel_id, l.name
	                   HAVING logged_in_count = 0
	                   LIMIT 3
2025-08-10 01:40:40.817 MDT [95396] ERROR:  column "logged_in_count" does not exist at character 709
2025-08-10 01:40:40.817 MDT [95396] STATEMENT:  SELECT glc.location_id, glc.channel_id, l.name,
	                          COUNT(CASE WHEN c.is_logged_in = true AND c.guild_id = 1394055083234164957 THEN c.user_id END) as logged_in_count
	                   FROM guild_location_channels glc
	                   JOIN locations l ON glc.location_id = l.location_id
	                   LEFT JOIN characters c ON l.location_id = c.current_location AND c.guild_id = 1394055083234164957
	                   WHERE glc.guild_id = 1394055083234164957
	                   AND (glc.channel_last_active IS NULL OR glc.channel_last_active < '2025-08-10T01:38:40.516357'::timestamp)
	                   GROUP BY glc.location_id, glc.channel_id, l.name
	                   HAVING logged_in_count = 0
	                   LIMIT 3
2025-08-10 01:40:40.817 MDT [95396] ERROR:  column "logged_in_count" does not exist at character 709
2025-08-10 01:40:40.817 MDT [95396] STATEMENT:  SELECT glc.location_id, glc.channel_id, l.name,
	                          COUNT(CASE WHEN c.is_logged_in = true AND c.guild_id = 1394055083234164957 THEN c.user_id END) as logged_in_count
	                   FROM guild_location_channels glc
	                   JOIN locations l ON glc.location_id = l.location_id
	                   LEFT JOIN characters c ON l.location_id = c.current_location AND c.guild_id = 1394055083234164957
	                   WHERE glc.guild_id = 1394055083234164957
	                   AND (glc.channel_last_active IS NULL OR glc.channel_last_active < '2025-08-10T01:38:40.817421'::timestamp)
	                   GROUP BY glc.location_id, glc.channel_id, l.name
	                   HAVING logged_in_count = 0
	                   LIMIT 3
2025-08-10 01:40:40.917 MDT [95396] ERROR:  column "logged_in_count" does not exist at character 709
2025-08-10 01:40:40.917 MDT [95396] STATEMENT:  SELECT glc.location_id, glc.channel_id, l.name,
	                          COUNT(CASE WHEN c.is_logged_in = true AND c.guild_id = 1394055083234164957 THEN c.user_id END) as logged_in_count
	                   FROM guild_location_channels glc
	                   JOIN locations l ON glc.location_id = l.location_id
	                   LEFT JOIN characters c ON l.location_id = c.current_location AND c.guild_id = 1394055083234164957
	                   WHERE glc.guild_id = 1394055083234164957
	                   AND (glc.channel_last_active IS NULL OR glc.channel_last_active < '2025-08-10T01:38:40.817421'::timestamp)
	                   GROUP BY glc.location_id, glc.channel_id, l.name
	                   HAVING logged_in_count = 0
	                   LIMIT 3
2025-08-10 01:40:41.118 MDT [95396] ERROR:  column "logged_in_count" does not exist at character 709
2025-08-10 01:40:41.118 MDT [95396] STATEMENT:  SELECT glc.location_id, glc.channel_id, l.name,
	                          COUNT(CASE WHEN c.is_logged_in = true AND c.guild_id = 1394055083234164957 THEN c.user_id END) as logged_in_count
	                   FROM guild_location_channels glc
	                   JOIN locations l ON glc.location_id = l.location_id
	                   LEFT JOIN characters c ON l.location_id = c.current_location AND c.guild_id = 1394055083234164957
	                   WHERE glc.guild_id = 1394055083234164957
	                   AND (glc.channel_last_active IS NULL OR glc.channel_last_active < '2025-08-10T01:38:40.817421'::timestamp)
	                   GROUP BY glc.location_id, glc.channel_id, l.name
	                   HAVING logged_in_count = 0
	                   LIMIT 3
2025-08-10 01:40:45.872 MDT [95396] ERROR:  column "logged_in_count" does not exist at character 709
2025-08-10 01:40:45.872 MDT [95396] STATEMENT:  SELECT glc.location_id, glc.channel_id, l.name,
	                          COUNT(CASE WHEN c.is_logged_in = true AND c.guild_id = 1391985652001800333 THEN c.user_id END) as logged_in_count
	                   FROM guild_location_channels glc
	                   JOIN locations l ON glc.location_id = l.location_id
	                   LEFT JOIN characters c ON l.location_id = c.current_location AND c.guild_id = 1391985652001800333
	                   WHERE glc.guild_id = 1391985652001800333
	                   AND (glc.channel_last_active IS NULL OR glc.channel_last_active < '2025-08-10T01:38:45.872169'::timestamp)
	                   GROUP BY glc.location_id, glc.channel_id, l.name
	                   HAVING logged_in_count = 0
	                   LIMIT 3
2025-08-10 01:40:45.972 MDT [95396] ERROR:  column "logged_in_count" does not exist at character 709
2025-08-10 01:40:45.972 MDT [95396] STATEMENT:  SELECT glc.location_id, glc.channel_id, l.name,
	                          COUNT(CASE WHEN c.is_logged_in = true AND c.guild_id = 1391985652001800333 THEN c.user_id END) as logged_in_count
	                   FROM guild_location_channels glc
	                   JOIN locations l ON glc.location_id = l.location_id
	                   LEFT JOIN characters c ON l.location_id = c.current_location AND c.guild_id = 1391985652001800333
	                   WHERE glc.guild_id = 1391985652001800333
	                   AND (glc.channel_last_active IS NULL OR glc.channel_last_active < '2025-08-10T01:38:45.872169'::timestamp)
	                   GROUP BY glc.location_id, glc.channel_id, l.name
	                   HAVING logged_in_count = 0
	                   LIMIT 3
2025-08-10 01:40:46.173 MDT [95396] ERROR:  column "logged_in_count" does not exist at character 709
2025-08-10 01:40:46.173 MDT [95396] STATEMENT:  SELECT glc.location_id, glc.channel_id, l.name,
	                          COUNT(CASE WHEN c.is_logged_in = true AND c.guild_id = 1391985652001800333 THEN c.user_id END) as logged_in_count
	                   FROM guild_location_channels glc
	                   JOIN locations l ON glc.location_id = l.location_id
	                   LEFT JOIN characters c ON l.location_id = c.current_location AND c.guild_id = 1391985652001800333
	                   WHERE glc.guild_id = 1391985652001800333
	                   AND (glc.channel_last_active IS NULL OR glc.channel_last_active < '2025-08-10T01:38:45.872169'::timestamp)
	                   GROUP BY glc.location_id, glc.channel_id, l.name
	                   HAVING logged_in_count = 0
	                   LIMIT 3
2025-08-10 01:40:47.174 MDT [95396] ERROR:  column "logged_in_count" does not exist at character 709
2025-08-10 01:40:47.174 MDT [95396] STATEMENT:  SELECT glc.location_id, glc.channel_id, l.name,
	                          COUNT(CASE WHEN c.is_logged_in = true AND c.guild_id = 1394055083234164957 THEN c.user_id END) as logged_in_count
	                   FROM guild_location_channels glc
	                   JOIN locations l ON glc.location_id = l.location_id
	                   LEFT JOIN characters c ON l.location_id = c.current_location AND c.guild_id = 1394055083234164957
	                   WHERE glc.guild_id = 1394055083234164957
	                   AND (glc.channel_last_active IS NULL OR glc.channel_last_active < '2025-08-10T01:38:47.173882'::timestamp)
	                   GROUP BY glc.location_id, glc.channel_id, l.name
	                   HAVING logged_in_count = 0
	                   LIMIT 3
2025-08-10 01:40:47.274 MDT [95396] ERROR:  column "logged_in_count" does not exist at character 709
2025-08-10 01:40:47.274 MDT [95396] STATEMENT:  SELECT glc.location_id, glc.channel_id, l.name,
	                          COUNT(CASE WHEN c.is_logged_in = true AND c.guild_id = 1394055083234164957 THEN c.user_id END) as logged_in_count
	                   FROM guild_location_channels glc
	                   JOIN locations l ON glc.location_id = l.location_id
	                   LEFT JOIN characters c ON l.location_id = c.current_location AND c.guild_id = 1394055083234164957
	                   WHERE glc.guild_id = 1394055083234164957
	                   AND (glc.channel_last_active IS NULL OR glc.channel_last_active < '2025-08-10T01:38:47.173882'::timestamp)
	                   GROUP BY glc.location_id, glc.channel_id, l.name
	                   HAVING logged_in_count = 0
	                   LIMIT 3
2025-08-10 01:40:47.474 MDT [95396] ERROR:  column "logged_in_count" does not exist at character 709
2025-08-10 01:40:47.474 MDT [95396] STATEMENT:  SELECT glc.location_id, glc.channel_id, l.name,
	                          COUNT(CASE WHEN c.is_logged_in = true AND c.guild_id = 1394055083234164957 THEN c.user_id END) as logged_in_count
	                   FROM guild_location_channels glc
	                   JOIN locations l ON glc.location_id = l.location_id
	                   LEFT JOIN characters c ON l.location_id = c.current_location AND c.guild_id = 1394055083234164957
	                   WHERE glc.guild_id = 1394055083234164957
	                   AND (glc.channel_last_active IS NULL OR glc.channel_last_active < '2025-08-10T01:38:47.173882'::timestamp)
	                   GROUP BY glc.location_id, glc.channel_id, l.name
	                   HAVING logged_in_count = 0
	                   LIMIT 3
2025-08-10 01:42:42.845 MDT [96342] LOG:  could not receive data from client: Connection reset by peer
2025-08-10 01:42:42.845 MDT [96342] LOG:  unexpected EOF on client connection with an open transaction
2025-08-10 01:43:20.967 MDT [9029] LOG:  checkpoint starting: time
2025-08-10 01:43:37.870 MDT [9029] LOG:  checkpoint complete: wrote 169 buffers (1.0%); 0 WAL file(s) added, 0 removed, 0 recycled; write=16.830 s, sync=0.064 s, total=16.903 s; sync files=44, longest=0.017 s, average=0.002 s; distance=1071 kB, estimate=1071 kB; lsn=0/28C83C0, redo lsn=0/2896A48
2025-08-10 01:47:04.614 MDT [97103] ERROR:  function max(integer, bigint) does not exist at character 28
2025-08-10 01:47:04.614 MDT [97103] HINT:  No function matches the given name and argument types. You might need to add explicit type casts.
2025-08-10 01:47:04.614 MDT [97103] STATEMENT:  UPDATE characters SET hp = MAX(0, hp +  -13) WHERE user_id = 1135373104756039740
2025-08-10 01:47:04.714 MDT [97103] ERROR:  function max(integer, bigint) does not exist at character 28
2025-08-10 01:47:04.714 MDT [97103] HINT:  No function matches the given name and argument types. You might need to add explicit type casts.
2025-08-10 01:47:04.714 MDT [97103] STATEMENT:  UPDATE characters SET hp = MAX(0, hp +  -13) WHERE user_id = 1135373104756039740
2025-08-10 01:47:04.915 MDT [97103] ERROR:  function max(integer, bigint) does not exist at character 28
2025-08-10 01:47:04.915 MDT [97103] HINT:  No function matches the given name and argument types. You might need to add explicit type casts.
2025-08-10 01:47:04.915 MDT [97103] STATEMENT:  UPDATE characters SET hp = MAX(0, hp +  -13) WHERE user_id = 1135373104756039740
2025-08-10 01:48:20.874 MDT [9029] LOG:  checkpoint starting: time
2025-08-10 01:48:36.357 MDT [9029] LOG:  checkpoint complete: wrote 155 buffers (0.9%); 0 WAL file(s) added, 0 removed, 0 recycled; write=15.426 s, sync=0.047 s, total=15.483 s; sync files=47, longest=0.002 s, average=0.001 s; distance=1116 kB, estimate=1116 kB; lsn=0/29ADD48, redo lsn=0/29ADD10
2025-08-10 01:50:02.875 MDT [9027] LOG:  received smart shutdown request
2025-08-10 01:50:02.881 MDT [9027] LOG:  background worker "logical replication launcher" (PID 9034) exited with exit code 1
2025-08-10 01:50:02.881 MDT [9029] LOG:  shutting down
2025-08-10 01:50:02.883 MDT [9029] LOG:  checkpoint starting: shutdown immediate
2025-08-10 01:50:03.065 MDT [9029] LOG:  checkpoint complete: wrote 98 buffers (0.6%); 0 WAL file(s) added, 0 removed, 0 recycled; write=0.009 s, sync=0.159 s, total=0.184 s; sync files=34, longest=0.047 s, average=0.005 s; distance=498 kB, estimate=1054 kB; lsn=0/2A2A640, redo lsn=0/2A2A640
2025-08-10 01:50:03.069 MDT [9027] LOG:  database system is shut down
2025-08-10 09:10:52.146 MDT [10179] LOG:  starting PostgreSQL 16.9 on x86_64-redhat-linux-gnu, compiled by gcc (GCC) 15.1.1 20250521 (Red Hat 15.1.1-2), 64-bit
2025-08-10 09:10:52.146 MDT [10179] LOG:  listening on IPv6 address "::1", port 5432
2025-08-10 09:10:52.146 MDT [10179] LOG:  listening on IPv4 address "127.0.0.1", port 5432
2025-08-10 09:10:52.148 MDT [10179] LOG:  listening on Unix socket "/tmp/.s.PGSQL.5432"
2025-08-10 09:10:52.153 MDT [10183] LOG:  database system was shut down at 2025-08-10 01:50:03 MDT
2025-08-10 09:10:52.157 MDT [10179] LOG:  database system is ready to accept connections
2025-08-10 09:10:54.230 MDT [10194] FATAL:  role "vetaso" does not exist
2025-08-10 09:10:54.234 MDT [10196] FATAL:  role "vetaso" does not exist
2025-08-10 09:10:54.238 MDT [10198] FATAL:  role "vetaso" does not exist
2025-08-10 09:11:55.216 MDT [11088] ERROR:  insert or update on table "pending_robberies" violates foreign key constraint "pending_robberies_location_id_fkey"
2025-08-10 09:11:55.216 MDT [11088] DETAIL:  Key (location_id)=(1) is not present in table "locations".
2025-08-10 09:11:55.216 MDT [11088] STATEMENT:  
	-- Test insert (we'll delete this after testing)
	INSERT INTO pending_robberies (robber_id, victim_id, location_id, message_id, channel_id, expires_at) 
	VALUES (1, 2, 1, 123456, 789012, NOW() + INTERVAL '1 hour');
	
	-- Verify it worked
	SELECT * FROM pending_robberies;
	
	-- Clean up test data
	DELETE FROM pending_robberies WHERE robbery_id = 1;
	
2025-08-10 09:15:52.154 MDT [10181] LOG:  checkpoint starting: time
2025-08-10 09:16:00.641 MDT [10181] LOG:  checkpoint complete: wrote 87 buffers (0.5%); 0 WAL file(s) added, 0 removed, 0 recycled; write=8.415 s, sync=0.062 s, total=8.488 s; sync files=35, longest=0.003 s, average=0.002 s; distance=401 kB, estimate=401 kB; lsn=0/2A8EAC0, redo lsn=0/2A8EA88
2025-08-10 09:17:28.062 MDT [14043] ERROR:  column "current_home_id" of relation "characters" already exists
2025-08-10 09:17:28.062 MDT [14043] STATEMENT:  ALTER TABLE characters ADD COLUMN current_home_id BIGINT;
2025-08-10 09:20:52.713 MDT [10181] LOG:  checkpoint starting: time
2025-08-10 09:20:52.828 MDT [10181] LOG:  checkpoint complete: wrote 2 buffers (0.0%); 0 WAL file(s) added, 0 removed, 0 recycled; write=0.101 s, sync=0.005 s, total=0.116 s; sync files=2, longest=0.004 s, average=0.003 s; distance=0 kB, estimate=361 kB; lsn=0/2A8EC38, redo lsn=0/2A8EC00
2025-08-10 09:25:49.378 MDT [17059] ERROR:  insert or update on table "pending_robberies" violates foreign key constraint "pending_robberies_location_id_fkey"
2025-08-10 09:25:49.378 MDT [17059] DETAIL:  Key (location_id)=(1) is not present in table "locations".
2025-08-10 09:25:49.378 MDT [17059] STATEMENT:  INSERT INTO pending_robberies (robber_id, victim_id, location_id, expires_at) VALUES (1, 2, 1, NOW() + INTERVAL '1 hour') ON CONFLICT DO NOTHING; SELECT COUNT(*) FROM pending_robberies;
2025-08-10 09:25:52.926 MDT [10181] LOG:  checkpoint starting: time
2025-08-10 09:25:53.245 MDT [10181] LOG:  checkpoint complete: wrote 4 buffers (0.0%); 0 WAL file(s) added, 0 removed, 0 recycled; write=0.301 s, sync=0.009 s, total=0.320 s; sync files=4, longest=0.004 s, average=0.003 s; distance=0 kB, estimate=324 kB; lsn=0/2A8EF60, redo lsn=0/2A8EF28
2025-08-10 09:30:52.285 MDT [10181] LOG:  checkpoint starting: time
2025-08-10 09:30:53.148 MDT [10181] LOG:  checkpoint complete: wrote 6 buffers (0.0%); 0 WAL file(s) added, 0 removed, 0 recycled; write=0.502 s, sync=0.161 s, total=0.863 s; sync files=6, longest=0.029 s, average=0.027 s; distance=13 kB, estimate=293 kB; lsn=0/2A92518, redo lsn=0/2A924E0
2025-08-10 09:40:52.346 MDT [10181] LOG:  checkpoint starting: time
2025-08-10 09:40:56.831 MDT [10181] LOG:  checkpoint complete: wrote 45 buffers (0.3%); 0 WAL file(s) added, 0 removed, 0 recycled; write=4.409 s, sync=0.066 s, total=4.486 s; sync files=38, longest=0.003 s, average=0.002 s; distance=252 kB, estimate=289 kB; lsn=0/2AD16A8, redo lsn=0/2AD1670
2025-08-10 09:44:49.351 MDT [10179] LOG:  received fast shutdown request
2025-08-10 09:44:49.354 MDT [10179] LOG:  aborting any active transactions
2025-08-10 09:44:49.355 MDT [10179] LOG:  background worker "logical replication launcher" (PID 10186) exited with exit code 1
2025-08-10 09:44:49.355 MDT [10181] LOG:  shutting down
2025-08-10 09:44:49.357 MDT [10181] LOG:  checkpoint starting: shutdown immediate
2025-08-10 09:44:49.368 MDT [10181] LOG:  checkpoint complete: wrote 1 buffers (0.0%); 0 WAL file(s) added, 0 removed, 0 recycled; write=0.001 s, sync=0.002 s, total=0.013 s; sync files=1, longest=0.002 s, average=0.002 s; distance=6 kB, estimate=261 kB; lsn=0/2AD2FF0, redo lsn=0/2AD2FF0
2025-08-10 09:44:49.371 MDT [10179] LOG:  database system is shut down
2025-08-10 09:44:49.473 MDT [23291] LOG:  starting PostgreSQL 16.9 on x86_64-redhat-linux-gnu, compiled by gcc (GCC) 15.1.1 20250521 (Red Hat 15.1.1-2), 64-bit
2025-08-10 09:44:49.473 MDT [23291] LOG:  listening on IPv6 address "::1", port 5432
2025-08-10 09:44:49.473 MDT [23291] LOG:  listening on IPv4 address "127.0.0.1", port 5432
2025-08-10 09:44:49.475 MDT [23291] LOG:  listening on Unix socket "/tmp/.s.PGSQL.5432"
2025-08-10 09:44:49.480 MDT [23295] LOG:  database system was shut down at 2025-08-10 09:44:49 MDT
2025-08-10 09:44:49.484 MDT [23291] LOG:  database system is ready to accept connections
2025-08-10 09:49:49.542 MDT [23293] LOG:  checkpoint starting: time
2025-08-10 09:49:54.282 MDT [23293] LOG:  checkpoint complete: wrote 50 buffers (0.3%); 0 WAL file(s) added, 0 removed, 0 recycled; write=4.710 s, sync=0.020 s, total=4.740 s; sync files=41, longest=0.003 s, average=0.001 s; distance=304 kB, estimate=304 kB; lsn=0/2B1F288, redo lsn=0/2B1F250
2025-08-10 09:54:49.284 MDT [23293] LOG:  checkpoint starting: time
2025-08-10 09:54:57.283 MDT [23293] LOG:  checkpoint complete: wrote 80 buffers (0.5%); 0 WAL file(s) added, 0 removed, 0 recycled; write=7.915 s, sync=0.073 s, total=7.999 s; sync files=47, longest=0.003 s, average=0.002 s; distance=477 kB, estimate=477 kB; lsn=0/2B96820, redo lsn=0/2B967E8
2025-08-10 09:59:49.383 MDT [23293] LOG:  checkpoint starting: time
2025-08-10 09:59:49.999 MDT [23293] LOG:  checkpoint complete: wrote 6 buffers (0.0%); 0 WAL file(s) added, 0 removed, 0 recycled; write=0.602 s, sync=0.005 s, total=0.617 s; sync files=2, longest=0.004 s, average=0.003 s; distance=8 kB, estimate=430 kB; lsn=0/2B98928, redo lsn=0/2B988F0
2025-08-10 10:04:50.066 MDT [23293] LOG:  checkpoint starting: time
2025-08-10 10:05:00.325 MDT [23293] LOG:  checkpoint complete: wrote 103 buffers (0.6%); 0 WAL file(s) added, 0 removed, 0 recycled; write=10.216 s, sync=0.033 s, total=10.259 s; sync files=18, longest=0.003 s, average=0.002 s; distance=795 kB, estimate=795 kB; lsn=0/2C5F630, redo lsn=0/2C5F5F8
2025-08-10 10:09:50.412 MDT [23293] LOG:  checkpoint starting: time
2025-08-10 10:09:54.971 MDT [23293] LOG:  checkpoint complete: wrote 47 buffers (0.3%); 0 WAL file(s) added, 0 removed, 0 recycled; write=4.508 s, sync=0.041 s, total=4.559 s; sync files=24, longest=0.003 s, average=0.002 s; distance=125 kB, estimate=728 kB; lsn=0/2C7ECD0, redo lsn=0/2C7EC98
2025-08-10 10:14:50.982 MDT [23293] LOG:  checkpoint starting: time
2025-08-10 10:14:51.098 MDT [23293] LOG:  checkpoint complete: wrote 2 buffers (0.0%); 0 WAL file(s) added, 0 removed, 0 recycled; write=0.101 s, sync=0.005 s, total=0.116 s; sync files=2, longest=0.004 s, average=0.003 s; distance=20 kB, estimate=657 kB; lsn=0/2C84020, redo lsn=0/2C83FD0
2025-08-10 10:19:50.193 MDT [23293] LOG:  checkpoint starting: time
2025-08-10 10:19:50.409 MDT [23293] LOG:  checkpoint complete: wrote 2 buffers (0.0%); 0 WAL file(s) added, 0 removed, 0 recycled; write=0.201 s, sync=0.005 s, total=0.216 s; sync files=2, longest=0.004 s, average=0.003 s; distance=7 kB, estimate=592 kB; lsn=0/2C85F60, redo lsn=0/2C85F28
2025-08-10 10:34:50.587 MDT [23293] LOG:  checkpoint starting: time
2025-08-10 10:34:50.702 MDT [23293] LOG:  checkpoint complete: wrote 2 buffers (0.0%); 0 WAL file(s) added, 0 removed, 0 recycled; write=0.101 s, sync=0.005 s, total=0.116 s; sync files=2, longest=0.004 s, average=0.003 s; distance=3 kB, estimate=533 kB; lsn=0/2C86E00, redo lsn=0/2C86DC8
2025-08-10 10:56:31.126 MDT [42548] ERROR:  column reference "constraint_name" is ambiguous at character 8
2025-08-10 10:56:31.126 MDT [42548] STATEMENT:  SELECT constraint_name, table_name, column_name, foreign_table_name, foreign_column_name FROM information_schema.key_column_usage k JOIN information_schema.referential_constraints r ON k.constraint_name = r.constraint_name WHERE k.table_name = 'corridors'
2025-08-10 11:19:51.412 MDT [23293] LOG:  checkpoint starting: time
2025-08-10 11:19:51.731 MDT [23293] LOG:  checkpoint complete: wrote 4 buffers (0.0%); 0 WAL file(s) added, 0 removed, 0 recycled; write=0.301 s, sync=0.009 s, total=0.320 s; sync files=4, longest=0.004 s, average=0.003 s; distance=3 kB, estimate=480 kB; lsn=0/2C87C88, redo lsn=0/2C87C50
2025-08-10 11:22:25.584 MDT [49442] ERROR:  insert or update on table "black_markets" violates foreign key constraint "black_markets_location_id_fkey"
2025-08-10 11:22:25.584 MDT [49442] DETAIL:  Key (location_id)=(705) is not present in table "locations".
2025-08-10 11:22:25.584 MDT [49442] STATEMENT:  ALTER TABLE black_markets ADD CONSTRAINT black_markets_location_id_fkey FOREIGN KEY (location_id) REFERENCES locations (location_id)
2025-08-10 11:22:49.284 MDT [49864] ERROR:  update or delete on table "black_markets" violates foreign key constraint "black_market_items_market_id_fkey" on table "black_market_items"
2025-08-10 11:22:49.284 MDT [49864] DETAIL:  Key (market_id)=(84) is still referenced from table "black_market_items".
2025-08-10 11:22:49.284 MDT [49864] STATEMENT:  DELETE FROM black_markets WHERE location_id = 705
2025-08-10 11:24:51.784 MDT [23293] LOG:  checkpoint starting: time
2025-08-10 11:24:54.028 MDT [23293] LOG:  checkpoint complete: wrote 23 buffers (0.1%); 0 WAL file(s) added, 0 removed, 0 recycled; write=2.205 s, sync=0.030 s, total=2.245 s; sync files=17, longest=0.002 s, average=0.002 s; distance=145 kB, estimate=447 kB; lsn=0/2CAC370, redo lsn=0/2CAC338
2025-08-10 11:34:51.184 MDT [23293] LOG:  checkpoint starting: time
2025-08-10 11:34:53.027 MDT [23293] LOG:  checkpoint complete: wrote 19 buffers (0.1%); 0 WAL file(s) added, 0 removed, 0 recycled; write=1.805 s, sync=0.030 s, total=1.844 s; sync files=22, longest=0.002 s, average=0.002 s; distance=140 kB, estimate=416 kB; lsn=0/2CCF418, redo lsn=0/2CCF3E0
2025-08-10 11:39:51.076 MDT [23293] LOG:  checkpoint starting: time
2025-08-10 11:39:51.192 MDT [23293] LOG:  checkpoint complete: wrote 2 buffers (0.0%); 0 WAL file(s) added, 0 removed, 0 recycled; write=0.101 s, sync=0.005 s, total=0.116 s; sync files=2, longest=0.004 s, average=0.003 s; distance=3 kB, estimate=375 kB; lsn=0/2CD0310, redo lsn=0/2CD02D8
2025-08-10 11:54:51.331 MDT [23293] LOG:  checkpoint starting: time
2025-08-10 11:54:52.752 MDT [23293] LOG:  checkpoint complete: wrote 15 buffers (0.1%); 0 WAL file(s) added, 0 removed, 0 recycled; write=1.403 s, sync=0.008 s, total=1.421 s; sync files=4, longest=0.003 s, average=0.002 s; distance=25 kB, estimate=340 kB; lsn=0/2CD6718, redo lsn=0/2CD66E0
2025-08-10 11:58:02.236 MDT [61777] ERROR:  insert or update on table "shop_items" violates foreign key constraint "shop_items_location_id_fkey"
2025-08-10 11:58:02.236 MDT [61777] DETAIL:  Key (location_id)=(1) is not present in table "locations".
2025-08-10 11:58:02.236 MDT [61777] STATEMENT:  INSERT INTO shop_items (location_id, item_name, item_type, price, stock, description, metadata, sold_by_player)
	           VALUES (1, 'Test Item', 'equipment', 100, 5, 'Test description', 'test_metadata', false)
2025-08-10 11:59:51.771 MDT [23293] LOG:  checkpoint starting: time
2025-08-10 11:59:53.310 MDT [23293] LOG:  checkpoint complete: wrote 13 buffers (0.1%); 0 WAL file(s) added, 0 removed, 0 recycled; write=1.204 s, sync=0.325 s, total=1.539 s; sync files=12, longest=0.288 s, average=0.028 s; distance=78 kB, estimate=314 kB; lsn=0/2CEA248, redo lsn=0/2CEA210
2025-08-10 12:09:51.459 MDT [23293] LOG:  checkpoint starting: time
2025-08-10 12:10:06.087 MDT [23293] LOG:  checkpoint complete: wrote 146 buffers (0.9%); 0 WAL file(s) added, 0 removed, 0 recycled; write=14.527 s, sync=0.090 s, total=14.628 s; sync files=66, longest=0.003 s, average=0.002 s; distance=859 kB, estimate=859 kB; lsn=0/2DC11C8, redo lsn=0/2DC1190
2025-08-10 12:14:51.164 MDT [23293] LOG:  checkpoint starting: time
2025-08-10 12:15:00.232 MDT [23293] LOG:  checkpoint complete: wrote 91 buffers (0.6%); 0 WAL file(s) added, 0 removed, 0 recycled; write=9.015 s, sync=0.043 s, total=9.068 s; sync files=25, longest=0.003 s, average=0.002 s; distance=463 kB, estimate=820 kB; lsn=0/2E35080, redo lsn=0/2E35048
2025-08-10 12:19:51.306 MDT [23293] LOG:  checkpoint starting: time
2025-08-10 12:19:54.860 MDT [23293] LOG:  checkpoint complete: wrote 36 buffers (0.2%); 0 WAL file(s) added, 0 removed, 0 recycled; write=3.507 s, sync=0.037 s, total=3.554 s; sync files=21, longest=0.003 s, average=0.002 s; distance=245 kB, estimate=762 kB; lsn=0/2E725C8, redo lsn=0/2E72590
2025-08-10 13:09:49.890 MDT [76511] ERROR:  insert or update on table "ship_activities" violates foreign key constraint "ship_activities_ship_id_fkey"
2025-08-10 13:09:49.890 MDT [76511] DETAIL:  Key (ship_id)=(1) is not present in table "ships".
2025-08-10 13:09:49.890 MDT [76511] STATEMENT:  INSERT INTO ship_activities (ship_id, activity_type, activity_name) VALUES (1, 'test_activity', 'Test Activity') RETURNING activity_id
2025-08-10 13:09:52.489 MDT [23293] LOG:  checkpoint starting: time
2025-08-10 13:09:56.146 MDT [23293] LOG:  checkpoint complete: wrote 37 buffers (0.2%); 0 WAL file(s) added, 0 removed, 0 recycled; write=3.607 s, sync=0.041 s, total=3.658 s; sync files=23, longest=0.003 s, average=0.002 s; distance=228 kB, estimate=709 kB; lsn=0/2EAB888, redo lsn=0/2EAB850
2025-08-10 13:14:52.242 MDT [23293] LOG:  checkpoint starting: time
2025-08-10 13:14:52.868 MDT [23293] LOG:  checkpoint complete: wrote 7 buffers (0.0%); 0 WAL file(s) added, 0 removed, 0 recycled; write=0.602 s, sync=0.014 s, total=0.626 s; sync files=7, longest=0.003 s, average=0.002 s; distance=17 kB, estimate=640 kB; lsn=0/2EAFDF0, redo lsn=0/2EAFDB8
2025-08-10 16:01:15.473 MDT [102107] ERROR:  column "inventory_id" does not exist at character 8
2025-08-10 16:01:15.473 MDT [102107] STATEMENT:  SELECT inventory_id, item_name, quantity, price_credits, trade_for_item, trade_quantity_required, rarity, description FROM npc_trade_inventory WHERE npc_id = 3 AND npc_type = 'static' AND is_available = true AND quantity > 0
2025-08-10 16:09:55.489 MDT [23293] LOG:  checkpoint starting: time
2025-08-10 16:09:56.918 MDT [23293] LOG:  checkpoint complete: wrote 14 buffers (0.1%); 0 WAL file(s) added, 0 removed, 0 recycled; write=1.403 s, sync=0.016 s, total=1.430 s; sync files=9, longest=0.003 s, average=0.002 s; distance=16 kB, estimate=577 kB; lsn=0/2EB3E70, redo lsn=0/2EB3E38
2025-08-10 16:44:56.481 MDT [23293] LOG:  checkpoint starting: time
2025-08-10 16:45:01.957 MDT [23293] LOG:  checkpoint complete: wrote 55 buffers (0.3%); 0 WAL file(s) added, 0 removed, 0 recycled; write=5.411 s, sync=0.055 s, total=5.476 s; sync files=32, longest=0.003 s, average=0.002 s; distance=353 kB, estimate=555 kB; lsn=0/2F0C3B8, redo lsn=0/2F0C380
